c:\deneme\opengldeneme\opengldeneme\x64\debug\vc143.pdb
c:\deneme\opengldeneme\opengldeneme\x64\debug\vc143.idb
c:\deneme\opengldeneme\opengldeneme\x64\debug\shader.obj
c:\deneme\opengldeneme\opengldeneme\x64\debug\mesh.obj
c:\deneme\opengldeneme\opengldeneme\x64\debug\camera.obj
c:\deneme\opengldeneme\opengldeneme\x64\debug\main.obj
c:\deneme\opengldeneme\opengldeneme\x64\debug\imgui_widgets.obj
c:\deneme\opengldeneme\opengldeneme\x64\debug\imgui_tables.obj
c:\deneme\opengldeneme\opengldeneme\x64\debug\imgui_impl_glfw.obj
c:\deneme\opengldeneme\opengldeneme\x64\debug\imgui_draw.obj
c:\deneme\opengldeneme\opengldeneme\x64\debug\imgui_demo.obj
c:\deneme\opengldeneme\opengldeneme\x64\debug\imgui.obj
c:\deneme\opengldeneme\opengldeneme\x64\debug\imgui_impl_opengl3.obj
c:\deneme\opengldeneme\opengldeneme\x64\debug\glad.obj
c:\deneme\opengldeneme\x64\debug\opengldeneme.exe
c:\deneme\opengldeneme\x64\debug\opengldeneme.pdb
c:\deneme\opengldeneme\opengldeneme\x64\debug\opengldeneme.ilk
c:\deneme\opengldeneme\opengldeneme\x64\debug\opengldeneme.tlog\cl.command.1.tlog
c:\deneme\opengldeneme\opengldeneme\x64\debug\opengldeneme.tlog\cl.items.tlog
c:\deneme\opengldeneme\opengldeneme\x64\debug\opengldeneme.tlog\cl.read.1.tlog
c:\deneme\opengldeneme\opengldeneme\x64\debug\opengldeneme.tlog\cl.write.1.tlog
c:\deneme\opengldeneme\opengldeneme\x64\debug\opengldeneme.tlog\link.command.1.tlog
c:\deneme\opengldeneme\opengldeneme\x64\debug\opengldeneme.tlog\link.read.1.tlog
c:\deneme\opengldeneme\opengldeneme\x64\debug\opengldeneme.tlog\link.secondary.1.tlog
c:\deneme\opengldeneme\opengldeneme\x64\debug\opengldeneme.tlog\link.write.1.tlog
